2024/04/26 10:20:19.869 [I]=> CloseSerial: mSerialFile=0xffffffff
2024/04/26 10:20:19.869 [I]=> Prepare Open Serial: Com=\\.\COM8 BaudRate=115200
2024/04/26 10:20:19.871 [I]=> OpenSerial: Com=\\.\COM8 BaudRate=115200, Success=1, mSerialFile=0x0000086c
2024/04/26 10:20:19.878 [I]=> protocol version = 3, send_recv buffer size = 128
2024/04/26 10:20:20.039 [I]=> protocol version = 3, send_recv buffer size = 128
2024/04/26 10:20:20.055 [I]=> ReadVersion Return: v1.1.1_32768.0
2024/04/26 10:20:20.159 [I]=> ReadSerialNumber Return: 12345678
2024/04/26 10:20:20.263 [I]=> RadarOperatorConfig_ReadDetectSetting, result: Success
2024/04/26 10:20:20.372 [I]=> RadarOperatorConfig_ReadTriggerThreshold, result: Success
2024/04/26 10:20:20.480 [I]=> RadarOperatorConfig_ReadHoldThreshold, result: Success
2024/04/26 10:20:31.991 [I]=> Start Realtime data show.
2024/04/26 10:20:31.991 [I]=> thread create success, thread handle=0x00000828, id=20248, name=ReadData
2024/04/26 10:20:31.991 [I]=> thread information, name=ReadData, tid=20248(0x00004f18)
2024/04/26 10:20:31.997 [I]=> protocol version = 3, send_recv buffer size = 128
2024/04/26 10:20:32.181 [I]=> protocol version = 3, send_recv buffer size = 128
2024/04/26 10:20:33.941 [I]=> Cancel Read Data
2024/04/26 10:20:33.941 [I]=> prepare exit thread..., name=ReadData, tid=20248(0x00004f18)
2024/04/26 10:20:33.951 [I]=> protocol version = 3, send_recv buffer size = 128
2024/04/26 10:20:34.133 [I]=> protocol version = 3, send_recv buffer size = 128
2024/04/26 10:20:34.445 [I]=> thread exit, name=ReadData, tid=20248(0x00004f18)
2024/04/26 10:20:34.446 [I]=> thread exit over, name=ReadData, tid=20248(0x00004f18)
2024/04/26 10:20:34.457 [I]=> Stop Realtime data show.
2024/04/26 10:21:22.399 [I]=> Start Realtime data show.
2024/04/26 10:21:22.399 [I]=> thread create success, thread handle=0x00000838, id=17580, name=ReadData
2024/04/26 10:21:22.399 [I]=> thread information, name=ReadData, tid=17580(0x000044ac)
2024/04/26 10:21:22.405 [I]=> protocol version = 3, send_recv buffer size = 128
2024/04/26 10:21:22.583 [I]=> protocol version = 3, send_recv buffer size = 128
2024/04/26 10:21:54.532 [I]=> Cancel Read Data
2024/04/26 10:21:54.532 [I]=> prepare exit thread..., name=ReadData, tid=17580(0x000044ac)
2024/04/26 10:21:54.544 [I]=> protocol version = 3, send_recv buffer size = 128
2024/04/26 10:21:54.725 [I]=> protocol version = 3, send_recv buffer size = 128
2024/04/26 10:21:55.038 [I]=> thread exit, name=ReadData, tid=17580(0x000044ac)
2024/04/26 10:21:55.040 [I]=> thread exit over, name=ReadData, tid=17580(0x000044ac)
2024/04/26 10:21:55.053 [I]=> Stop Realtime data show.
2024/04/26 10:21:55.549 [I]=> Cancel Read Data
2024/04/26 10:21:55.558 [I]=> Stop Realtime data show.
2024/04/26 10:22:14.582 [I]=> thread create success, thread handle=0x00000b10, id=20524, name=SensingGenerate
2024/04/26 10:22:14.582 [I]=> thread information, name=SensingGenerate, tid=20524(0x0000502c)
2024/04/26 10:22:14.588 [I]=> protocol version = 3, send_recv buffer size = 128
2024/04/26 10:22:14.749 [I]=> protocol version = 3, send_recv buffer size = 128
2024/04/26 10:22:15.091 [I]=> process=0
2024/04/26 10:22:15.353 [I]=> process=0
2024/04/26 10:22:15.603 [I]=> process=0
2024/04/26 10:22:15.868 [I]=> process=0
2024/04/26 10:22:16.133 [I]=> process=1
2024/04/26 10:22:16.384 [I]=> process=1
2024/04/26 10:22:16.648 [I]=> process=1
2024/04/26 10:22:16.912 [I]=> process=1
2024/04/26 10:22:17.162 [I]=> process=1
2024/04/26 10:22:17.429 [I]=> process=2
2024/04/26 10:22:17.680 [I]=> process=2
2024/04/26 10:22:17.944 [I]=> process=2
2024/04/26 10:22:18.212 [I]=> process=2
2024/04/26 10:22:18.465 [I]=> process=2
2024/04/26 10:22:18.733 [I]=> process=3
2024/04/26 10:22:18.983 [I]=> process=3
2024/04/26 10:22:19.249 [I]=> process=3
2024/04/26 10:22:19.517 [I]=> process=3
2024/04/26 10:22:19.767 [I]=> process=3
2024/04/26 10:22:20.031 [I]=> process=4
2024/04/26 10:22:20.299 [I]=> process=4
2024/04/26 10:22:20.563 [I]=> process=4
2024/04/26 10:22:20.818 [I]=> process=4
2024/04/26 10:22:21.083 [I]=> process=5
2024/04/26 10:22:21.350 [I]=> process=5
2024/04/26 10:22:21.600 [I]=> process=5
2024/04/26 10:22:21.870 [I]=> process=5
2024/04/26 10:22:22.123 [I]=> process=5
2024/04/26 10:22:22.386 [I]=> process=6
2024/04/26 10:22:22.638 [I]=> process=6
2024/04/26 10:22:22.905 [I]=> process=6
2024/04/26 10:22:23.157 [I]=> process=6
2024/04/26 10:22:23.422 [I]=> process=6
2024/04/26 10:22:23.675 [I]=> process=7
2024/04/26 10:22:23.941 [I]=> process=7
2024/04/26 10:22:24.208 [I]=> process=7
2024/04/26 10:22:24.457 [I]=> process=7
2024/04/26 10:22:24.724 [I]=> process=7
2024/04/26 10:22:24.977 [I]=> process=8
2024/04/26 10:22:25.244 [I]=> process=8
2024/04/26 10:22:25.509 [I]=> process=8
2024/04/26 10:22:25.775 [I]=> process=8
2024/04/26 10:22:26.022 [I]=> process=8
2024/04/26 10:22:26.288 [I]=> process=9
2024/04/26 10:22:26.553 [I]=> process=9
2024/04/26 10:22:26.816 [I]=> process=9
2024/04/26 10:22:27.081 [I]=> process=9
2024/04/26 10:22:27.345 [I]=> process=10
2024/04/26 10:22:27.597 [I]=> process=10
2024/04/26 10:22:27.862 [I]=> process=10
2024/04/26 10:22:28.125 [I]=> process=10
2024/04/26 10:22:28.373 [I]=> process=10
2024/04/26 10:22:28.636 [I]=> process=11
2024/04/26 10:22:28.904 [I]=> process=11
2024/04/26 10:22:29.154 [I]=> process=11
2024/04/26 10:22:29.419 [I]=> process=11
2024/04/26 10:22:29.684 [I]=> process=11
2024/04/26 10:22:29.936 [I]=> process=12
2024/04/26 10:22:30.205 [I]=> process=12
2024/04/26 10:22:30.455 [I]=> process=12
2024/04/26 10:22:30.719 [I]=> process=12
2024/04/26 10:22:30.985 [I]=> process=12
2024/04/26 10:22:31.234 [I]=> process=13
2024/04/26 10:22:31.501 [I]=> process=13
2024/04/26 10:22:31.764 [I]=> process=13
2024/04/26 10:22:32.029 [I]=> process=13
2024/04/26 10:22:32.294 [I]=> process=13
2024/04/26 10:22:32.544 [I]=> process=14
2024/04/26 10:22:32.810 [I]=> process=14
2024/04/26 10:22:33.076 [I]=> process=14
2024/04/26 10:22:33.341 [I]=> process=14
2024/04/26 10:22:33.604 [I]=> process=15
2024/04/26 10:22:33.854 [I]=> process=15
2024/04/26 10:22:34.118 [I]=> process=15
2024/04/26 10:22:34.384 [I]=> process=15
2024/04/26 10:22:34.634 [I]=> process=15
2024/04/26 10:22:34.898 [I]=> process=16
2024/04/26 10:22:35.164 [I]=> process=16
2024/04/26 10:22:35.415 [I]=> process=16
2024/04/26 10:22:35.668 [I]=> process=16
2024/04/26 10:22:35.933 [I]=> process=16
2024/04/26 10:22:36.197 [I]=> process=17
2024/04/26 10:22:36.462 [I]=> process=17
2024/04/26 10:22:36.713 [I]=> process=17
2024/04/26 10:22:36.979 [I]=> process=17
2024/04/26 10:22:37.243 [I]=> process=17
2024/04/26 10:22:37.491 [I]=> process=18
2024/04/26 10:22:37.757 [I]=> process=18
2024/04/26 10:22:38.023 [I]=> process=18
2024/04/26 10:22:38.287 [I]=> process=18
2024/04/26 10:22:38.551 [I]=> process=18
2024/04/26 10:22:38.803 [I]=> process=19
2024/04/26 10:22:39.066 [I]=> process=19
2024/04/26 10:22:39.333 [I]=> process=19
2024/04/26 10:22:39.598 [I]=> process=19
2024/04/26 10:22:39.863 [I]=> process=20
2024/04/26 10:22:40.110 [I]=> process=20
2024/04/26 10:22:40.376 [I]=> process=20
2024/04/26 10:22:40.641 [I]=> process=20
2024/04/26 10:22:40.890 [I]=> process=20
2024/04/26 10:22:41.155 [I]=> process=21
2024/04/26 10:22:41.419 [I]=> process=21
2024/04/26 10:22:41.670 [I]=> process=21
2024/04/26 10:22:41.936 [I]=> process=21
2024/04/26 10:22:42.187 [I]=> process=21
2024/04/26 10:22:42.451 [I]=> process=22
2024/04/26 10:22:42.718 [I]=> process=22
2024/04/26 10:22:42.970 [I]=> process=22
2024/04/26 10:22:43.237 [I]=> process=22
2024/04/26 10:22:43.499 [I]=> process=22
2024/04/26 10:22:43.750 [I]=> process=23
2024/04/26 10:22:44.016 [I]=> process=23
2024/04/26 10:22:44.282 [I]=> process=23
2024/04/26 10:22:44.533 [I]=> process=23
2024/04/26 10:22:44.800 [I]=> process=23
2024/04/26 10:22:45.068 [I]=> process=24
2024/04/26 10:22:45.319 [I]=> process=24
2024/04/26 10:22:45.585 [I]=> process=24
2024/04/26 10:22:45.851 [I]=> process=24
2024/04/26 10:22:46.117 [I]=> process=25
2024/04/26 10:22:46.368 [I]=> process=25
2024/04/26 10:22:46.635 [I]=> process=25
2024/04/26 10:22:46.900 [I]=> process=25
2024/04/26 10:22:47.148 [I]=> process=25
2024/04/26 10:22:47.414 [I]=> process=26
2024/04/26 10:22:47.679 [I]=> process=26
2024/04/26 10:22:47.928 [I]=> process=26
2024/04/26 10:22:48.196 [I]=> process=26
2024/04/26 10:22:48.445 [I]=> process=26
2024/04/26 10:22:48.712 [I]=> process=27
2024/04/26 10:22:48.978 [I]=> process=27
2024/04/26 10:22:49.229 [I]=> process=27
2024/04/26 10:22:49.492 [I]=> process=27
2024/04/26 10:22:49.758 [I]=> process=27
2024/04/26 10:22:50.009 [I]=> process=28
2024/04/26 10:22:50.273 [I]=> process=28
2024/04/26 10:22:50.540 [I]=> process=28
2024/04/26 10:22:50.804 [I]=> process=28
2024/04/26 10:22:51.053 [I]=> process=28
2024/04/26 10:22:51.319 [I]=> process=29
2024/04/26 10:22:51.582 [I]=> process=29
2024/04/26 10:22:51.849 [I]=> process=29
2024/04/26 10:22:52.102 [I]=> process=29
2024/04/26 10:22:52.368 [I]=> process=30
2024/04/26 10:22:52.631 [I]=> process=30
2024/04/26 10:22:52.898 [I]=> process=30
2024/04/26 10:22:53.151 [I]=> process=30
2024/04/26 10:22:53.414 [I]=> process=30
2024/04/26 10:22:53.665 [I]=> process=31
2024/04/26 10:22:53.930 [I]=> process=31
2024/04/26 10:22:54.196 [I]=> process=31
2024/04/26 10:22:54.444 [I]=> process=31
2024/04/26 10:22:54.711 [I]=> process=31
2024/04/26 10:22:54.961 [I]=> process=32
2024/04/26 10:22:55.229 [I]=> process=32
2024/04/26 10:22:55.492 [I]=> process=32
2024/04/26 10:22:55.757 [I]=> process=32
2024/04/26 10:22:56.010 [I]=> process=32
2024/04/26 10:22:56.272 [I]=> process=33
2024/04/26 10:22:56.538 [I]=> process=33
2024/04/26 10:22:56.789 [I]=> process=33
2024/04/26 10:22:57.055 [I]=> process=33
2024/04/26 10:22:57.319 [I]=> process=33
2024/04/26 10:22:57.585 [I]=> process=34
2024/04/26 10:22:57.849 [I]=> process=34
2024/04/26 10:22:58.100 [I]=> process=34
2024/04/26 10:22:58.368 [I]=> process=34
2024/04/26 10:22:58.632 [I]=> process=35
2024/04/26 10:22:58.898 [I]=> process=35
2024/04/26 10:22:59.149 [I]=> process=35
2024/04/26 10:22:59.416 [I]=> process=35
2024/04/26 10:22:59.664 [I]=> process=35
2024/04/26 10:22:59.928 [I]=> process=36
2024/04/26 10:23:00.180 [I]=> process=36
2024/04/26 10:23:00.446 [I]=> process=36
2024/04/26 10:23:00.712 [I]=> process=36
2024/04/26 10:23:00.961 [I]=> process=36
2024/04/26 10:23:01.226 [I]=> process=37
2024/04/26 10:23:01.489 [I]=> process=37
2024/04/26 10:23:01.752 [I]=> process=37
2024/04/26 10:23:02.002 [I]=> process=37
2024/04/26 10:23:02.268 [I]=> process=37
2024/04/26 10:23:02.534 [I]=> process=38
2024/04/26 10:23:02.798 [I]=> process=38
2024/04/26 10:23:03.048 [I]=> process=38
2024/04/26 10:23:03.316 [I]=> process=38
2024/04/26 10:23:03.580 [I]=> process=38
2024/04/26 10:23:03.831 [I]=> process=39
2024/04/26 10:23:04.097 [I]=> process=39
2024/04/26 10:23:04.361 [I]=> process=39
2024/04/26 10:23:04.626 [I]=> process=39
2024/04/26 10:23:04.892 [I]=> process=40
2024/04/26 10:23:05.142 [I]=> process=40
2024/04/26 10:23:05.405 [I]=> process=40
2024/04/26 10:23:05.668 [I]=> process=40
2024/04/26 10:23:05.921 [I]=> process=40
2024/04/26 10:23:06.186 [I]=> process=41
2024/04/26 10:23:06.453 [I]=> process=41
2024/04/26 10:23:06.703 [I]=> process=41
2024/04/26 10:23:06.970 [I]=> process=41
2024/04/26 10:23:07.218 [I]=> process=41
2024/04/26 10:23:07.485 [I]=> process=42
2024/04/26 10:23:07.751 [I]=> process=42
2024/04/26 10:23:07.999 [I]=> process=42
2024/04/26 10:23:08.264 [I]=> process=42
2024/04/26 10:23:08.527 [I]=> process=42
2024/04/26 10:23:08.792 [I]=> process=43
2024/04/26 10:23:09.043 [I]=> process=43
2024/04/26 10:23:09.308 [I]=> process=43
2024/04/26 10:23:09.575 [I]=> process=43
2024/04/26 10:23:09.837 [I]=> process=43
2024/04/26 10:23:10.102 [I]=> process=44
2024/04/26 10:23:10.366 [I]=> process=44
2024/04/26 10:23:10.616 [I]=> process=44
2024/04/26 10:23:10.883 [I]=> process=44
2024/04/26 10:23:11.148 [I]=> process=45
2024/04/26 10:23:11.414 [I]=> process=45
2024/04/26 10:23:11.662 [I]=> process=45
2024/04/26 10:23:11.930 [I]=> process=45
2024/04/26 10:23:12.182 [I]=> process=45
2024/04/26 10:23:12.448 [I]=> process=46
2024/04/26 10:23:12.697 [I]=> process=46
2024/04/26 10:23:12.963 [I]=> process=46
2024/04/26 10:23:13.229 [I]=> process=46
2024/04/26 10:23:13.480 [I]=> process=46
2024/04/26 10:23:13.746 [I]=> process=47
2024/04/26 10:23:13.997 [I]=> process=47
2024/04/26 10:23:14.262 [I]=> process=47
2024/04/26 10:23:14.530 [I]=> process=47
2024/04/26 10:23:14.784 [I]=> process=47
2024/04/26 10:23:15.050 [I]=> process=48
2024/04/26 10:23:15.315 [I]=> process=48
2024/04/26 10:23:15.563 [I]=> process=48
2024/04/26 10:23:15.828 [I]=> process=48
2024/04/26 10:23:16.093 [I]=> process=48
2024/04/26 10:23:16.361 [I]=> process=49
2024/04/26 10:23:16.612 [I]=> process=49
2024/04/26 10:23:16.875 [I]=> process=49
2024/04/26 10:23:17.144 [I]=> process=49
2024/04/26 10:23:17.411 [I]=> process=50
2024/04/26 10:23:17.662 [I]=> process=50
2024/04/26 10:23:17.929 [I]=> process=50
2024/04/26 10:23:18.179 [I]=> process=50
2024/04/26 10:23:18.447 [I]=> process=50
2024/04/26 10:23:18.699 [I]=> process=51
2024/04/26 10:23:18.968 [I]=> process=51
2024/04/26 10:23:19.216 [I]=> process=51
2024/04/26 10:23:19.482 [I]=> process=51
2024/04/26 10:23:19.748 [I]=> process=51
2024/04/26 10:23:20.009 [I]=> process=52
2024/04/26 10:23:20.257 [I]=> process=52
2024/04/26 10:23:20.523 [I]=> process=52
2024/04/26 10:23:20.684 [I]=> prepare exit thread..., name=SensingGenerate, tid=20524(0x0000502c)
2024/04/26 10:23:20.791 [I]=> thread exit, name=SensingGenerate, tid=20524(0x0000502c)
2024/04/26 10:23:20.791 [I]=> thread exit over, name=SensingGenerate, tid=20524(0x0000502c)
2024/04/26 10:24:08.080 [I]=> Cancel Read Data
2024/04/26 10:24:08.085 [I]=> Stop Realtime data show.
2024/04/26 10:24:08.086 [I]=> Cancel Read Data
2024/04/26 10:24:08.086 [I]=> CloseSerial: mSerialFile=0x0000086c
2024/04/26 10:24:08.087 [I]=> Cancel Read Data
2024/04/26 10:24:08.087 [I]=> CloseSerial: mSerialFile=0xffffffff
2024/04/26 10:24:08.087 [I]=> CloseSerial: mSerialFile=0xffffffff
