2024/02/18 15:20:45.405 [I]=> CloseSerial: mSerialFile=0xffffffff
2024/02/18 15:20:45.405 [I]=> Prepare Open Serial: Com=\\.\COM6 BaudRate=115200
2024/02/18 15:20:45.409 [I]=> OpenSerial: Com=\\.\COM6 BaudRate=115200, Success=1, mSerialFile=0x0000093c
2024/02/18 15:20:45.413 [I]=> protocol version = 3, send_recv buffer size = 128
2024/02/18 15:20:45.573 [I]=> protocol version = 3, send_recv buffer size = 128
2024/02/18 15:20:45.587 [I]=> ReadVersion Return: v1.1.1_32768.0
2024/02/18 15:20:45.690 [I]=> ReadSerialNumber Return: 12345678
2024/02/18 15:20:45.795 [I]=> RadarOperatorConfig_ReadDetectSetting, result: Success
2024/02/18 15:20:45.902 [I]=> RadarOperatorConfig_ReadTriggerThreshold, result: Success
2024/02/18 15:20:46.010 [I]=> RadarOperatorConfig_ReadHoldThreshold, result: Success
2024/02/18 15:21:04.600 [I]=> thread create success, thread handle=0x00000934, id=3180, name=SensingGenerate
2024/02/18 15:21:04.600 [I]=> thread information, name=SensingGenerate, tid=3180(0x00000c6c)
2024/02/18 15:21:04.600 [W]=> CRadarProtocolDevice::OpenCmdMode: CMDID(0x00FF) failed with:A002
2024/02/18 15:21:04.765 [I]=> protocol version = 3, send_recv buffer size = 128
2024/02/18 15:21:05.093 [I]=> process=0
2024/02/18 15:21:05.356 [I]=> process=0
2024/02/18 15:21:05.621 [I]=> process=0
2024/02/18 15:21:05.883 [I]=> process=0
2024/02/18 15:21:06.133 [I]=> process=1
2024/02/18 15:21:06.397 [I]=> process=1
2024/02/18 15:21:06.663 [I]=> process=1
2024/02/18 15:21:06.923 [I]=> process=1
2024/02/18 15:21:07.183 [I]=> process=1
2024/02/18 15:21:07.448 [I]=> process=2
2024/02/18 15:21:07.695 [I]=> process=2
2024/02/18 15:21:07.957 [I]=> process=2
2024/02/18 15:21:08.227 [I]=> process=2
2024/02/18 15:21:08.491 [I]=> process=2
2024/02/18 15:21:08.753 [I]=> process=3
2024/02/18 15:21:09.018 [I]=> process=3
2024/02/18 15:21:09.283 [I]=> process=3
2024/02/18 15:21:09.532 [I]=> process=3
2024/02/18 15:21:09.808 [I]=> process=3
2024/02/18 15:21:10.057 [I]=> process=4
2024/02/18 15:21:10.335 [I]=> process=4
2024/02/18 15:21:10.584 [I]=> process=4
2024/02/18 15:21:10.862 [I]=> process=4
2024/02/18 15:21:11.113 [I]=> process=5
2024/02/18 15:21:11.377 [I]=> process=5
2024/02/18 15:21:11.639 [I]=> process=5
2024/02/18 15:21:11.904 [I]=> process=5
2024/02/18 15:21:12.167 [I]=> process=5
2024/02/18 15:21:12.429 [I]=> process=6
2024/02/18 15:21:12.694 [I]=> process=6
2024/02/18 15:21:12.940 [I]=> process=6
2024/02/18 15:21:13.204 [I]=> process=6
2024/02/18 15:21:13.467 [I]=> process=6
2024/02/18 15:21:13.729 [I]=> process=7
2024/02/18 15:21:13.995 [I]=> process=7
2024/02/18 15:21:14.256 [I]=> process=7
2024/02/18 15:21:14.520 [I]=> process=7
2024/02/18 15:21:14.781 [I]=> process=7
2024/02/18 15:21:15.046 [I]=> process=8
2024/02/18 15:21:15.310 [I]=> process=8
2024/02/18 15:21:15.560 [I]=> process=8
2024/02/18 15:21:15.824 [I]=> process=8
2024/02/18 15:21:16.089 [I]=> process=8
2024/02/18 15:21:16.354 [I]=> process=9
2024/02/18 15:21:16.619 [I]=> process=9
2024/02/18 15:21:16.882 [I]=> process=9
2024/02/18 15:21:17.147 [I]=> process=9
2024/02/18 15:21:17.410 [I]=> process=10
2024/02/18 15:21:17.672 [I]=> process=10
2024/02/18 15:21:17.938 [I]=> process=10
2024/02/18 15:21:18.201 [I]=> process=10
2024/02/18 15:21:18.449 [I]=> process=10
2024/02/18 15:21:18.713 [I]=> process=11
2024/02/18 15:21:18.975 [I]=> process=11
2024/02/18 15:21:19.239 [I]=> process=11
2024/02/18 15:21:19.502 [I]=> process=11
2024/02/18 15:21:19.765 [I]=> process=11
2024/02/18 15:21:20.030 [I]=> process=12
2024/02/18 15:21:20.290 [I]=> process=12
2024/02/18 15:21:20.539 [I]=> process=12
2024/02/18 15:21:20.801 [I]=> process=12
2024/02/18 15:21:21.064 [I]=> process=12
2024/02/18 15:21:21.327 [I]=> process=13
2024/02/18 15:21:21.592 [I]=> process=13
2024/02/18 15:21:21.855 [I]=> process=13
2024/02/18 15:21:22.120 [I]=> process=13
2024/02/18 15:21:22.385 [I]=> process=13
2024/02/18 15:21:22.648 [I]=> process=14
2024/02/18 15:21:22.913 [I]=> process=14
2024/02/18 15:21:23.179 [I]=> process=14
2024/02/18 15:21:23.443 [I]=> process=14
2024/02/18 15:21:23.709 [I]=> process=15
2024/02/18 15:21:23.973 [I]=> process=15
2024/02/18 15:21:24.224 [I]=> process=15
2024/02/18 15:21:24.488 [I]=> process=15
2024/02/18 15:21:24.752 [I]=> process=15
2024/02/18 15:21:25.002 [I]=> process=16
2024/02/18 15:21:25.266 [I]=> process=16
2024/02/18 15:21:25.531 [I]=> process=16
2024/02/18 15:21:25.796 [I]=> process=16
2024/02/18 15:21:26.060 [I]=> process=16
2024/02/18 15:21:26.311 [I]=> process=17
2024/02/18 15:21:26.577 [I]=> process=17
2024/02/18 15:21:26.840 [I]=> process=17
2024/02/18 15:21:27.103 [I]=> process=17
2024/02/18 15:21:27.367 [I]=> process=17
2024/02/18 15:21:27.632 [I]=> process=18
2024/02/18 15:21:27.896 [I]=> process=18
2024/02/18 15:21:28.146 [I]=> process=18
2024/02/18 15:21:28.411 [I]=> process=18
2024/02/18 15:21:28.676 [I]=> process=18
2024/02/18 15:21:28.939 [I]=> process=19
2024/02/18 15:21:29.203 [I]=> process=19
2024/02/18 15:21:29.468 [I]=> process=19
2024/02/18 15:21:29.732 [I]=> process=19
2024/02/18 15:21:29.995 [I]=> process=20
2024/02/18 15:21:30.260 [I]=> process=20
2024/02/18 15:21:30.526 [I]=> process=20
2024/02/18 15:21:30.788 [I]=> process=20
2024/02/18 15:21:31.038 [I]=> process=20
2024/02/18 15:21:31.302 [I]=> process=21
2024/02/18 15:21:31.567 [I]=> process=21
2024/02/18 15:21:31.831 [I]=> process=21
2024/02/18 15:21:32.082 [I]=> process=21
2024/02/18 15:21:32.348 [I]=> process=21
2024/02/18 15:21:32.612 [I]=> process=22
2024/02/18 15:21:32.875 [I]=> process=22
2024/02/18 15:21:33.140 [I]=> process=22
2024/02/18 15:21:33.389 [I]=> process=22
2024/02/18 15:21:33.654 [I]=> process=22
2024/02/18 15:21:33.916 [I]=> process=23
2024/02/18 15:21:34.180 [I]=> process=23
2024/02/18 15:21:34.443 [I]=> process=23
2024/02/18 15:21:34.719 [I]=> process=23
2024/02/18 15:21:34.969 [I]=> process=23
2024/02/18 15:21:35.235 [I]=> process=24
2024/02/18 15:21:35.498 [I]=> process=24
2024/02/18 15:21:35.761 [I]=> process=24
2024/02/18 15:21:36.027 [I]=> process=24
2024/02/18 15:21:36.291 [I]=> process=25
2024/02/18 15:21:36.556 [I]=> process=25
2024/02/18 15:21:36.821 [I]=> process=25
2024/02/18 15:21:37.084 [I]=> process=25
2024/02/18 15:21:37.347 [I]=> process=25
2024/02/18 15:21:37.609 [I]=> process=26
2024/02/18 15:21:37.858 [I]=> process=26
2024/02/18 15:21:38.124 [I]=> process=26
2024/02/18 15:21:38.389 [I]=> process=26
2024/02/18 15:21:38.653 [I]=> process=26
2024/02/18 15:21:38.915 [I]=> process=27
2024/02/18 15:21:39.178 [I]=> process=27
2024/02/18 15:21:39.429 [I]=> process=27
2024/02/18 15:21:39.695 [I]=> process=27
2024/02/18 15:21:39.960 [I]=> process=27
2024/02/18 15:21:40.223 [I]=> process=28
2024/02/18 15:21:40.485 [I]=> process=28
2024/02/18 15:21:40.749 [I]=> process=28
2024/02/18 15:21:41.014 [I]=> process=28
2024/02/18 15:21:41.279 [I]=> process=28
2024/02/18 15:21:41.528 [I]=> process=29
2024/02/18 15:21:41.790 [I]=> process=29
2024/02/18 15:21:42.055 [I]=> process=29
2024/02/18 15:21:42.320 [I]=> process=29
2024/02/18 15:21:42.586 [I]=> process=30
2024/02/18 15:21:42.852 [I]=> process=30
2024/02/18 15:21:43.116 [I]=> process=30
2024/02/18 15:21:43.377 [I]=> process=30
2024/02/18 15:21:43.641 [I]=> process=30
2024/02/18 15:21:43.890 [I]=> process=31
2024/02/18 15:21:44.155 [I]=> process=31
2024/02/18 15:21:44.419 [I]=> process=31
2024/02/18 15:21:44.680 [I]=> process=31
2024/02/18 15:21:44.944 [I]=> process=31
2024/02/18 15:21:45.209 [I]=> process=32
2024/02/18 15:21:45.460 [I]=> process=32
2024/02/18 15:21:45.726 [I]=> process=32
2024/02/18 15:21:45.989 [I]=> process=32
2024/02/18 15:21:46.254 [I]=> process=32
2024/02/18 15:21:46.515 [I]=> process=33
2024/02/18 15:21:46.777 [I]=> process=33
2024/02/18 15:21:47.037 [I]=> process=33
2024/02/18 15:21:47.300 [I]=> process=33
2024/02/18 15:21:47.564 [I]=> process=33
2024/02/18 15:21:47.827 [I]=> process=34
2024/02/18 15:21:48.090 [I]=> process=34
2024/02/18 15:21:48.354 [I]=> process=34
2024/02/18 15:21:48.617 [I]=> process=34
2024/02/18 15:21:48.880 [I]=> process=35
2024/02/18 15:21:49.142 [I]=> process=35
2024/02/18 15:21:49.404 [I]=> process=35
2024/02/18 15:21:49.667 [I]=> process=35
2024/02/18 15:21:49.930 [I]=> process=35
2024/02/18 15:21:50.193 [I]=> process=36
2024/02/18 15:21:50.456 [I]=> process=36
2024/02/18 15:21:50.705 [I]=> process=36
2024/02/18 15:21:50.968 [I]=> process=36
2024/02/18 15:21:51.232 [I]=> process=36
2024/02/18 15:21:51.496 [I]=> process=37
2024/02/18 15:21:51.759 [I]=> process=37
2024/02/18 15:21:52.023 [I]=> process=37
2024/02/18 15:21:52.286 [I]=> process=37
2024/02/18 15:21:52.536 [I]=> process=37
2024/02/18 15:21:52.800 [I]=> process=38
2024/02/18 15:21:53.063 [I]=> process=38
2024/02/18 15:21:53.325 [I]=> process=38
2024/02/18 15:21:53.590 [I]=> process=38
2024/02/18 15:21:53.858 [I]=> process=38
2024/02/18 15:21:54.124 [I]=> process=39
2024/02/18 15:21:54.389 [I]=> process=39
2024/02/18 15:21:54.651 [I]=> process=39
2024/02/18 15:21:54.913 [I]=> process=39
2024/02/18 15:21:55.177 [I]=> process=40
2024/02/18 15:21:55.444 [I]=> process=40
2024/02/18 15:21:55.695 [I]=> process=40
2024/02/18 15:21:55.959 [I]=> process=40
2024/02/18 15:21:56.221 [I]=> process=40
2024/02/18 15:21:56.487 [I]=> process=41
2024/02/18 15:21:56.749 [I]=> process=41
2024/02/18 15:21:57.013 [I]=> process=41
2024/02/18 15:21:57.261 [I]=> process=41
2024/02/18 15:21:57.525 [I]=> process=41
2024/02/18 15:21:57.789 [I]=> process=42
2024/02/18 15:21:58.053 [I]=> process=42
2024/02/18 15:21:58.317 [I]=> process=42
2024/02/18 15:21:58.581 [I]=> process=42
2024/02/18 15:21:58.845 [I]=> process=42
2024/02/18 15:21:59.096 [I]=> process=43
2024/02/18 15:21:59.360 [I]=> process=43
2024/02/18 15:21:59.624 [I]=> process=43
2024/02/18 15:21:59.887 [I]=> process=43
2024/02/18 15:22:00.151 [I]=> process=43
2024/02/18 15:22:00.418 [I]=> process=44
2024/02/18 15:22:00.686 [I]=> process=44
2024/02/18 15:22:00.948 [I]=> process=44
2024/02/18 15:22:01.213 [I]=> process=44
2024/02/18 15:22:01.475 [I]=> process=45
2024/02/18 15:22:01.741 [I]=> process=45
2024/02/18 15:22:02.000 [I]=> process=45
2024/02/18 15:22:02.249 [I]=> process=45
2024/02/18 15:22:02.512 [I]=> process=45
2024/02/18 15:22:02.776 [I]=> process=46
2024/02/18 15:22:03.041 [I]=> process=46
2024/02/18 15:22:03.304 [I]=> process=46
2024/02/18 15:22:03.567 [I]=> process=46
2024/02/18 15:22:03.817 [I]=> process=46
2024/02/18 15:22:04.080 [I]=> process=47
2024/02/18 15:22:04.344 [I]=> process=47
2024/02/18 15:22:04.608 [I]=> process=47
2024/02/18 15:22:04.870 [I]=> process=47
2024/02/18 15:22:05.136 [I]=> process=47
2024/02/18 15:22:05.399 [I]=> process=48
2024/02/18 15:22:05.666 [I]=> process=48
2024/02/18 15:22:05.929 [I]=> process=48
2024/02/18 15:22:06.177 [I]=> process=48
2024/02/18 15:22:06.455 [I]=> process=48
2024/02/18 15:22:06.717 [I]=> process=49
2024/02/18 15:22:06.980 [I]=> process=49
2024/02/18 15:22:07.239 [I]=> process=49
2024/02/18 15:22:07.504 [I]=> process=49
2024/02/18 15:22:07.763 [I]=> process=50
2024/02/18 15:22:08.024 [I]=> process=50
2024/02/18 15:22:08.284 [I]=> process=50
2024/02/18 15:22:08.545 [I]=> process=50
2024/02/18 15:22:08.819 [I]=> process=50
2024/02/18 15:22:09.076 [I]=> process=51
2024/02/18 15:22:09.336 [I]=> process=51
2024/02/18 15:22:09.599 [I]=> process=51
2024/02/18 15:22:09.860 [I]=> process=51
2024/02/18 15:22:10.120 [I]=> process=51
2024/02/18 15:22:10.383 [I]=> process=52
2024/02/18 15:22:10.647 [I]=> process=52
2024/02/18 15:22:10.909 [I]=> process=52
2024/02/18 15:22:11.171 [I]=> process=52
2024/02/18 15:22:11.431 [I]=> process=52
2024/02/18 15:22:11.693 [I]=> process=53
2024/02/18 15:22:11.952 [I]=> process=53
2024/02/18 15:22:12.212 [I]=> process=53
2024/02/18 15:22:12.477 [I]=> process=53
2024/02/18 15:22:12.737 [I]=> process=53
2024/02/18 15:22:13.012 [I]=> process=54
2024/02/18 15:22:13.274 [I]=> process=54
2024/02/18 15:22:13.538 [I]=> process=54
2024/02/18 15:22:13.799 [I]=> process=54
2024/02/18 15:22:14.059 [I]=> process=55
2024/02/18 15:22:14.319 [I]=> process=55
2024/02/18 15:22:14.582 [I]=> process=55
2024/02/18 15:22:14.843 [I]=> process=55
2024/02/18 15:22:15.107 [I]=> process=55
2024/02/18 15:22:15.367 [I]=> process=56
2024/02/18 15:22:15.629 [I]=> process=56
2024/02/18 15:22:15.890 [I]=> process=56
2024/02/18 15:22:16.150 [I]=> process=56
2024/02/18 15:22:16.413 [I]=> process=56
2024/02/18 15:22:16.677 [I]=> process=57
2024/02/18 15:22:16.943 [I]=> process=57
2024/02/18 15:22:17.206 [I]=> process=57
2024/02/18 15:22:17.467 [I]=> process=57
2024/02/18 15:22:17.730 [I]=> process=57
2024/02/18 15:22:17.980 [I]=> process=58
2024/02/18 15:22:18.256 [I]=> process=58
2024/02/18 15:22:18.517 [I]=> process=58
2024/02/18 15:22:18.775 [I]=> process=58
2024/02/18 15:22:19.038 [I]=> process=58
2024/02/18 15:22:19.300 [I]=> process=59
2024/02/18 15:22:19.563 [I]=> process=59
2024/02/18 15:22:19.836 [I]=> process=59
2024/02/18 15:22:20.098 [I]=> process=59
2024/02/18 15:22:20.359 [I]=> process=60
2024/02/18 15:22:20.621 [I]=> process=60
2024/02/18 15:22:20.885 [I]=> process=60
2024/02/18 15:22:21.149 [I]=> process=60
2024/02/18 15:22:21.410 [I]=> process=60
2024/02/18 15:22:21.669 [I]=> process=61
2024/02/18 15:22:21.932 [I]=> process=61
2024/02/18 15:22:22.183 [I]=> process=61
2024/02/18 15:22:22.449 [I]=> process=61
2024/02/18 15:22:22.712 [I]=> process=61
2024/02/18 15:22:22.973 [I]=> process=62
2024/02/18 15:22:23.234 [I]=> process=62
2024/02/18 15:22:23.499 [I]=> process=62
2024/02/18 15:22:23.764 [I]=> process=62
2024/02/18 15:22:24.030 [I]=> process=62
2024/02/18 15:22:24.279 [I]=> process=63
2024/02/18 15:22:24.545 [I]=> process=63
2024/02/18 15:22:24.809 [I]=> process=63
2024/02/18 15:22:25.076 [I]=> process=63
2024/02/18 15:22:25.343 [I]=> process=63
2024/02/18 15:22:25.593 [I]=> process=64
2024/02/18 15:22:25.870 [I]=> process=64
2024/02/18 15:22:26.122 [I]=> process=64
2024/02/18 15:22:26.387 [I]=> process=64
2024/02/18 15:22:26.655 [I]=> process=65
2024/02/18 15:22:26.921 [I]=> process=65
2024/02/18 15:22:27.173 [I]=> process=65
2024/02/18 15:22:27.441 [I]=> process=65
2024/02/18 15:22:27.704 [I]=> process=65
2024/02/18 15:22:27.970 [I]=> process=66
2024/02/18 15:22:28.220 [I]=> process=66
2024/02/18 15:22:28.487 [I]=> process=66
2024/02/18 15:22:28.753 [I]=> process=66
2024/02/18 15:22:29.004 [I]=> process=66
2024/02/18 15:22:29.271 [I]=> process=67
2024/02/18 15:22:29.536 [I]=> process=67
2024/02/18 15:22:29.801 [I]=> process=67
2024/02/18 15:22:30.063 [I]=> process=67
2024/02/18 15:22:30.316 [I]=> process=67
2024/02/18 15:22:30.582 [I]=> process=68
2024/02/18 15:22:30.846 [I]=> process=68
2024/02/18 15:22:31.110 [I]=> process=68
2024/02/18 15:22:31.374 [I]=> process=68
2024/02/18 15:22:31.641 [I]=> process=68
2024/02/18 15:22:31.908 [I]=> process=69
2024/02/18 15:22:32.159 [I]=> process=69
2024/02/18 15:22:32.424 [I]=> process=69
2024/02/18 15:22:32.691 [I]=> process=69
2024/02/18 15:22:32.956 [I]=> process=70
2024/02/18 15:22:33.220 [I]=> process=70
2024/02/18 15:22:33.473 [I]=> process=70
2024/02/18 15:22:33.738 [I]=> process=70
2024/02/18 15:22:34.004 [I]=> process=70
2024/02/18 15:22:34.257 [I]=> process=71
2024/02/18 15:22:34.523 [I]=> process=71
2024/02/18 15:22:34.792 [I]=> process=71
2024/02/18 15:22:35.043 [I]=> process=71
2024/02/18 15:22:35.310 [I]=> process=71
2024/02/18 15:22:35.578 [I]=> process=72
2024/02/18 15:22:35.827 [I]=> process=72
2024/02/18 15:22:36.094 [I]=> process=72
2024/02/18 15:22:36.362 [I]=> process=72
2024/02/18 15:22:36.613 [I]=> process=72
2024/02/18 15:22:36.879 [I]=> process=73
2024/02/18 15:22:37.146 [I]=> process=73
2024/02/18 15:22:37.414 [I]=> process=73
2024/02/18 15:22:37.666 [I]=> process=73
2024/02/18 15:22:37.934 [I]=> process=73
2024/02/18 15:22:38.200 [I]=> process=74
2024/02/18 15:22:38.468 [I]=> process=74
2024/02/18 15:22:38.734 [I]=> process=74
2024/02/18 15:22:39.000 [I]=> process=74
2024/02/18 15:22:39.265 [I]=> process=75
2024/02/18 15:22:39.518 [I]=> process=75
2024/02/18 15:22:39.783 [I]=> process=75
2024/02/18 15:22:40.035 [I]=> process=75
2024/02/18 15:22:40.304 [I]=> process=75
2024/02/18 15:22:40.557 [I]=> process=76
2024/02/18 15:22:40.823 [I]=> process=76
2024/02/18 15:22:41.089 [I]=> process=76
2024/02/18 15:22:41.356 [I]=> process=76
2024/02/18 15:22:41.607 [I]=> process=76
2024/02/18 15:22:41.873 [I]=> process=77
2024/02/18 15:22:42.140 [I]=> process=77
2024/02/18 15:22:42.392 [I]=> process=77
2024/02/18 15:22:42.658 [I]=> process=77
2024/02/18 15:22:42.923 [I]=> process=77
2024/02/18 15:22:43.191 [I]=> process=78
2024/02/18 15:22:43.442 [I]=> process=78
2024/02/18 15:22:43.712 [I]=> process=78
2024/02/18 15:22:43.981 [I]=> process=78
2024/02/18 15:22:44.234 [I]=> process=78
2024/02/18 15:22:44.501 [I]=> process=79
2024/02/18 15:22:44.768 [I]=> process=79
2024/02/18 15:22:45.036 [I]=> process=79
2024/02/18 15:22:45.288 [I]=> process=79
2024/02/18 15:22:45.554 [I]=> process=80
2024/02/18 15:22:45.822 [I]=> process=80
2024/02/18 15:22:46.073 [I]=> process=80
2024/02/18 15:22:46.341 [I]=> process=80
2024/02/18 15:22:46.607 [I]=> process=80
2024/02/18 15:22:46.858 [I]=> process=81
2024/02/18 15:22:47.126 [I]=> process=81
2024/02/18 15:22:47.393 [I]=> process=81
2024/02/18 15:22:47.647 [I]=> process=81
2024/02/18 15:22:47.915 [I]=> process=81
2024/02/18 15:22:48.166 [I]=> process=82
2024/02/18 15:22:48.433 [I]=> process=82
2024/02/18 15:22:48.700 [I]=> process=82
2024/02/18 15:22:48.965 [I]=> process=82
2024/02/18 15:22:49.217 [I]=> process=82
2024/02/18 15:22:49.484 [I]=> process=83
2024/02/18 15:22:49.749 [I]=> process=83
2024/02/18 15:22:50.016 [I]=> process=83
2024/02/18 15:22:50.267 [I]=> process=83
2024/02/18 15:22:50.534 [I]=> process=83
2024/02/18 15:22:50.802 [I]=> process=84
2024/02/18 15:22:51.070 [I]=> process=84
2024/02/18 15:22:51.322 [I]=> process=84
2024/02/18 15:22:51.590 [I]=> process=84
2024/02/18 15:22:51.856 [I]=> process=85
2024/02/18 15:22:52.124 [I]=> process=85
2024/02/18 15:22:52.376 [I]=> process=85
2024/02/18 15:22:52.643 [I]=> process=85
2024/02/18 15:22:52.909 [I]=> process=85
2024/02/18 15:22:53.160 [I]=> process=86
2024/02/18 15:22:53.427 [I]=> process=86
2024/02/18 15:22:53.679 [I]=> process=86
2024/02/18 15:22:53.946 [I]=> process=86
2024/02/18 15:22:54.212 [I]=> process=86
2024/02/18 15:22:54.465 [I]=> process=87
2024/02/18 15:22:54.733 [I]=> process=87
2024/02/18 15:22:54.998 [I]=> process=87
2024/02/18 15:22:55.251 [I]=> process=87
2024/02/18 15:22:55.516 [I]=> process=87
2024/02/18 15:22:55.781 [I]=> process=88
2024/02/18 15:22:56.049 [I]=> process=88
2024/02/18 15:22:56.314 [I]=> process=88
2024/02/18 15:22:56.566 [I]=> process=88
2024/02/18 15:22:56.832 [I]=> process=88
2024/02/18 15:22:57.098 [I]=> process=89
2024/02/18 15:22:57.363 [I]=> process=89
2024/02/18 15:22:57.627 [I]=> process=89
2024/02/18 15:22:57.893 [I]=> process=89
2024/02/18 15:22:58.160 [I]=> process=90
2024/02/18 15:22:58.410 [I]=> process=90
2024/02/18 15:22:58.674 [I]=> process=90
2024/02/18 15:22:58.939 [I]=> process=90
2024/02/18 15:22:59.206 [I]=> process=90
2024/02/18 15:22:59.457 [I]=> process=91
2024/02/18 15:22:59.723 [I]=> process=91
2024/02/18 15:22:59.990 [I]=> process=91
2024/02/18 15:23:00.242 [I]=> process=91
2024/02/18 15:23:00.510 [I]=> process=91
2024/02/18 15:23:00.776 [I]=> process=92
2024/02/18 15:23:01.028 [I]=> process=92
2024/02/18 15:23:01.294 [I]=> process=92
2024/02/18 15:23:01.562 [I]=> process=92
2024/02/18 15:23:01.812 [I]=> process=92
2024/02/18 15:23:02.079 [I]=> process=93
2024/02/18 15:23:02.345 [I]=> process=93
2024/02/18 15:23:02.610 [I]=> process=93
2024/02/18 15:23:02.874 [I]=> process=93
2024/02/18 15:23:03.137 [I]=> process=93
2024/02/18 15:23:03.401 [I]=> process=94
2024/02/18 15:23:03.667 [I]=> process=94
2024/02/18 15:23:03.933 [I]=> process=94
2024/02/18 15:23:04.199 [I]=> process=94
2024/02/18 15:23:04.462 [I]=> process=95
2024/02/18 15:23:04.711 [I]=> process=95
2024/02/18 15:23:04.973 [I]=> process=95
2024/02/18 15:23:05.240 [I]=> process=95
2024/02/18 15:23:05.507 [I]=> process=95
2024/02/18 15:23:05.771 [I]=> process=96
2024/02/18 15:23:06.019 [I]=> process=96
2024/02/18 15:23:06.285 [I]=> process=96
2024/02/18 15:23:06.550 [I]=> process=96
2024/02/18 15:23:06.812 [I]=> process=96
2024/02/18 15:23:07.077 [I]=> process=97
2024/02/18 15:23:07.340 [I]=> process=97
2024/02/18 15:23:07.590 [I]=> process=97
2024/02/18 15:23:07.867 [I]=> process=97
2024/02/18 15:23:08.118 [I]=> process=97
2024/02/18 15:23:08.382 [I]=> process=98
2024/02/18 15:23:08.648 [I]=> process=98
2024/02/18 15:23:08.911 [I]=> process=98
2024/02/18 15:23:09.176 [I]=> process=98
2024/02/18 15:23:09.442 [I]=> process=98
2024/02/18 15:23:09.710 [I]=> process=99
2024/02/18 15:23:09.972 [I]=> process=99
2024/02/18 15:23:10.238 [I]=> process=99
2024/02/18 15:23:10.503 [I]=> process=99
2024/02/18 15:23:10.766 [I]=> process=100
2024/02/18 15:23:10.766 [I]=> thread exit, name=SensingGenerate, tid=3180(0x00000c6c)
2024/02/18 15:23:10.768 [I]=> prepare exit thread..., name=SensingGenerate, tid=3180(0x00000c6c)
2024/02/18 15:23:10.768 [I]=> thread exit over, name=SensingGenerate, tid=3180(0x00000c6c)
2024/02/18 15:23:31.231 [I]=> thread create success, thread handle=0x00000a18, id=23644, name=SensingGenerate
2024/02/18 15:23:31.231 [I]=> thread information, name=SensingGenerate, tid=23644(0x00005c5c)
2024/02/18 15:23:31.231 [W]=> CRadarProtocolDevice::OpenCmdMode: CMDID(0x00FF) failed with:A002
2024/02/18 15:23:31.390 [I]=> protocol version = 3, send_recv buffer size = 128
2024/02/18 15:23:31.634 [I]=> process=0
2024/02/18 15:23:31.897 [I]=> process=0
2024/02/18 15:23:32.161 [I]=> process=0
2024/02/18 15:23:32.423 [I]=> process=0
2024/02/18 15:23:32.672 [I]=> process=1
2024/02/18 15:23:32.936 [I]=> process=1
2024/02/18 15:23:33.198 [I]=> process=1
2024/02/18 15:23:33.462 [I]=> process=1
2024/02/18 15:23:33.722 [I]=> process=1
2024/02/18 15:23:33.987 [I]=> process=2
2024/02/18 15:23:34.250 [I]=> process=2
2024/02/18 15:23:34.513 [I]=> process=2
2024/02/18 15:23:34.777 [I]=> process=2
2024/02/18 15:23:35.040 [I]=> process=2
2024/02/18 15:23:35.304 [I]=> process=3
2024/02/18 15:23:35.567 [I]=> process=3
2024/02/18 15:23:35.831 [I]=> process=3
2024/02/18 15:23:36.080 [I]=> process=3
2024/02/18 15:23:36.343 [I]=> process=3
2024/02/18 15:23:36.607 [I]=> process=4
2024/02/18 15:23:36.885 [I]=> process=4
2024/02/18 15:23:37.148 [I]=> process=4
2024/02/18 15:23:37.410 [I]=> process=4
2024/02/18 15:23:37.674 [I]=> process=5
2024/02/18 15:23:37.937 [I]=> process=5
2024/02/18 15:23:38.203 [I]=> process=5
2024/02/18 15:23:38.451 [I]=> process=5
2024/02/18 15:23:38.715 [I]=> process=5
2024/02/18 15:23:38.979 [I]=> process=6
2024/02/18 15:23:39.244 [I]=> process=6
2024/02/18 15:23:39.508 [I]=> process=6
2024/02/18 15:23:39.770 [I]=> process=6
2024/02/18 15:23:40.034 [I]=> process=6
2024/02/18 15:23:40.281 [I]=> process=7
2024/02/18 15:23:40.543 [I]=> process=7
2024/02/18 15:23:40.805 [I]=> process=7
2024/02/18 15:23:41.068 [I]=> process=7
2024/02/18 15:23:41.331 [I]=> process=7
2024/02/18 15:23:41.594 [I]=> process=8
2024/02/18 15:23:41.859 [I]=> process=8
2024/02/18 15:23:42.124 [I]=> process=8
2024/02/18 15:23:42.389 [I]=> process=8
2024/02/18 15:23:42.655 [I]=> process=8
2024/02/18 15:23:42.919 [I]=> process=9
2024/02/18 15:23:43.180 [I]=> process=9
2024/02/18 15:23:43.443 [I]=> process=9
2024/02/18 15:23:43.709 [I]=> process=9
2024/02/18 15:23:43.978 [I]=> process=10
2024/02/18 15:23:44.245 [I]=> process=10
2024/02/18 15:23:44.495 [I]=> process=10
2024/02/18 15:23:44.763 [I]=> process=10
2024/02/18 15:23:45.028 [I]=> process=10
2024/02/18 15:23:45.279 [I]=> process=11
2024/02/18 15:23:45.541 [I]=> process=11
2024/02/18 15:23:45.806 [I]=> process=11
2024/02/18 15:23:46.072 [I]=> process=11
2024/02/18 15:23:46.324 [I]=> process=11
2024/02/18 15:23:46.591 [I]=> process=12
2024/02/18 15:23:46.858 [I]=> process=12
2024/02/18 15:23:47.123 [I]=> process=12
2024/02/18 15:23:47.373 [I]=> process=12
2024/02/18 15:23:47.639 [I]=> process=12
2024/02/18 15:23:47.904 [I]=> process=13
2024/02/18 15:23:48.170 [I]=> process=13
2024/02/18 15:23:48.433 [I]=> process=13
2024/02/18 15:23:48.697 [I]=> process=13
2024/02/18 15:23:48.963 [I]=> process=13
2024/02/18 15:23:49.215 [I]=> process=14
2024/02/18 15:23:49.480 [I]=> process=14
2024/02/18 15:23:49.746 [I]=> process=14
2024/02/18 15:23:50.012 [I]=> process=14
2024/02/18 15:23:50.279 [I]=> process=15
2024/02/18 15:23:50.542 [I]=> process=15
2024/02/18 15:23:50.808 [I]=> process=15
2024/02/18 15:23:51.070 [I]=> process=15
2024/02/18 15:23:51.318 [I]=> process=15
2024/02/18 15:23:51.582 [I]=> process=16
2024/02/18 15:23:51.849 [I]=> process=16
2024/02/18 15:23:52.113 [I]=> process=16
2024/02/18 15:23:52.376 [I]=> process=16
2024/02/18 15:23:52.626 [I]=> process=16
2024/02/18 15:23:52.890 [I]=> process=17
2024/02/18 15:23:53.153 [I]=> process=17
2024/02/18 15:23:53.419 [I]=> process=17
2024/02/18 15:23:53.683 [I]=> process=17
2024/02/18 15:23:53.944 [I]=> process=17
2024/02/18 15:23:54.210 [I]=> process=18
2024/02/18 15:23:54.475 [I]=> process=18
2024/02/18 15:23:54.727 [I]=> process=18
2024/02/18 15:23:55.005 [I]=> process=18
2024/02/18 15:23:55.268 [I]=> process=18
2024/02/18 15:23:55.533 [I]=> process=19
2024/02/18 15:23:55.783 [I]=> process=19
2024/02/18 15:23:56.049 [I]=> process=19
2024/02/18 15:23:56.313 [I]=> process=19
2024/02/18 15:23:56.578 [I]=> process=20
2024/02/18 15:23:56.843 [I]=> process=20
2024/02/18 15:23:57.111 [I]=> process=20
2024/02/18 15:23:57.360 [I]=> process=20
2024/02/18 15:23:57.626 [I]=> process=20
2024/02/18 15:23:57.890 [I]=> process=21
2024/02/18 15:23:58.155 [I]=> process=21
2024/02/18 15:23:58.420 [I]=> process=21
2024/02/18 15:23:58.668 [I]=> process=21
2024/02/18 15:23:58.935 [I]=> process=21
2024/02/18 15:23:59.200 [I]=> process=22
2024/02/18 15:23:59.466 [I]=> process=22
2024/02/18 15:23:59.729 [I]=> process=22
2024/02/18 15:23:59.992 [I]=> process=22
2024/02/18 15:24:00.242 [I]=> process=22
2024/02/18 15:24:00.507 [I]=> process=23
2024/02/18 15:24:00.772 [I]=> process=23
2024/02/18 15:24:01.038 [I]=> process=23
2024/02/18 15:24:01.302 [I]=> process=23
2024/02/18 15:24:01.566 [I]=> process=23
2024/02/18 15:24:01.832 [I]=> process=24
2024/02/18 15:24:02.097 [I]=> process=24
2024/02/18 15:24:02.361 [I]=> process=24
2024/02/18 15:24:02.626 [I]=> process=24
2024/02/18 15:24:02.893 [I]=> process=25
2024/02/18 15:24:03.143 [I]=> process=25
2024/02/18 15:24:03.407 [I]=> process=25
2024/02/18 15:24:03.671 [I]=> process=25
2024/02/18 15:24:03.938 [I]=> process=25
2024/02/18 15:24:04.201 [I]=> process=26
2024/02/18 15:24:04.451 [I]=> process=26
2024/02/18 15:24:04.716 [I]=> process=26
2024/02/18 15:24:04.979 [I]=> process=26
2024/02/18 15:24:05.243 [I]=> process=26
2024/02/18 15:24:05.509 [I]=> process=27
2024/02/18 15:24:05.770 [I]=> process=27
2024/02/18 15:24:06.032 [I]=> process=27
2024/02/18 15:24:06.298 [I]=> process=27
2024/02/18 15:24:06.550 [I]=> process=27
2024/02/18 15:24:06.812 [I]=> process=28
2024/02/18 15:24:07.077 [I]=> process=28
2024/02/18 15:24:07.345 [I]=> process=28
2024/02/18 15:24:07.608 [I]=> process=28
2024/02/18 15:24:07.873 [I]=> process=28
2024/02/18 15:24:08.138 [I]=> process=29
2024/02/18 15:24:08.405 [I]=> process=29
2024/02/18 15:24:08.670 [I]=> process=29
2024/02/18 15:24:08.934 [I]=> process=29
2024/02/18 15:24:09.198 [I]=> process=30
2024/02/18 15:24:09.462 [I]=> process=30
2024/02/18 15:24:09.724 [I]=> process=30
2024/02/18 15:24:09.975 [I]=> process=30
2024/02/18 15:24:10.243 [I]=> process=30
2024/02/18 15:24:10.509 [I]=> process=31
2024/02/18 15:24:10.757 [I]=> process=31
2024/02/18 15:24:11.022 [I]=> process=31
2024/02/18 15:24:11.288 [I]=> process=31
2024/02/18 15:24:11.554 [I]=> process=31
2024/02/18 15:24:11.803 [I]=> process=32
2024/02/18 15:24:12.067 [I]=> process=32
2024/02/18 15:24:12.331 [I]=> process=32
2024/02/18 15:24:12.595 [I]=> process=32
2024/02/18 15:24:12.859 [I]=> process=32
2024/02/18 15:24:13.122 [I]=> process=33
2024/02/18 15:24:13.386 [I]=> process=33
2024/02/18 15:24:13.649 [I]=> process=33
2024/02/18 15:24:13.917 [I]=> process=33
2024/02/18 15:24:14.182 [I]=> process=33
2024/02/18 15:24:14.446 [I]=> process=34
2024/02/18 15:24:14.709 [I]=> process=34
2024/02/18 15:24:14.973 [I]=> process=34
2024/02/18 15:24:15.241 [I]=> process=34
2024/02/18 15:24:15.503 [I]=> process=35
2024/02/18 15:24:15.754 [I]=> process=35
2024/02/18 15:24:16.018 [I]=> process=35
2024/02/18 15:24:16.283 [I]=> process=35
2024/02/18 15:24:16.548 [I]=> process=35
2024/02/18 15:24:16.813 [I]=> process=36
2024/02/18 15:24:17.063 [I]=> process=36
2024/02/18 15:24:17.326 [I]=> process=36
2024/02/18 15:24:17.593 [I]=> process=36
2024/02/18 15:24:17.858 [I]=> process=36
2024/02/18 15:24:18.123 [I]=> process=37
2024/02/18 15:24:18.371 [I]=> process=37
2024/02/18 15:24:18.634 [I]=> process=37
2024/02/18 15:24:18.895 [I]=> process=37
2024/02/18 15:24:19.161 [I]=> process=37
2024/02/18 15:24:19.426 [I]=> process=38
2024/02/18 15:24:19.692 [I]=> process=38
2024/02/18 15:24:19.958 [I]=> process=38
2024/02/18 15:24:20.220 [I]=> process=38
2024/02/18 15:24:20.484 [I]=> process=38
2024/02/18 15:24:20.749 [I]=> process=39
2024/02/18 15:24:21.015 [I]=> process=39
2024/02/18 15:24:21.279 [I]=> process=39
2024/02/18 15:24:21.545 [I]=> process=39
2024/02/18 15:24:21.808 [I]=> process=40
2024/02/18 15:24:22.058 [I]=> process=40
2024/02/18 15:24:22.323 [I]=> process=40
2024/02/18 15:24:22.586 [I]=> process=40
2024/02/18 15:24:22.850 [I]=> process=40
2024/02/18 15:24:23.114 [I]=> process=41
2024/02/18 15:24:23.378 [I]=> process=41
2024/02/18 15:24:23.643 [I]=> process=41
2024/02/18 15:24:23.892 [I]=> process=41
2024/02/18 15:24:24.154 [I]=> process=41
2024/02/18 15:24:24.417 [I]=> process=42
2024/02/18 15:24:24.682 [I]=> process=42
2024/02/18 15:24:24.945 [I]=> process=42
2024/02/18 15:24:25.211 [I]=> process=42
2024/02/18 15:24:25.477 [I]=> process=42
2024/02/18 15:24:25.727 [I]=> process=43
2024/02/18 15:24:25.993 [I]=> process=43
2024/02/18 15:24:26.256 [I]=> process=43
2024/02/18 15:24:26.523 [I]=> process=43
2024/02/18 15:24:26.784 [I]=> process=43
2024/02/18 15:24:27.050 [I]=> process=44
2024/02/18 15:24:27.314 [I]=> process=44
2024/02/18 15:24:27.578 [I]=> process=44
2024/02/18 15:24:27.841 [I]=> process=44
2024/02/18 15:24:28.104 [I]=> process=45
2024/02/18 15:24:28.366 [I]=> process=45
2024/02/18 15:24:28.629 [I]=> process=45
2024/02/18 15:24:28.896 [I]=> process=45
2024/02/18 15:24:29.160 [I]=> process=45
2024/02/18 15:24:29.410 [I]=> process=46
2024/02/18 15:24:29.676 [I]=> process=46
2024/02/18 15:24:29.943 [I]=> process=46
2024/02/18 15:24:30.193 [I]=> process=46
2024/02/18 15:24:30.457 [I]=> process=46
2024/02/18 15:24:30.721 [I]=> process=47
2024/02/18 15:24:30.984 [I]=> process=47
2024/02/18 15:24:31.247 [I]=> process=47
2024/02/18 15:24:31.513 [I]=> process=47
2024/02/18 15:24:31.778 [I]=> process=47
2024/02/18 15:24:32.028 [I]=> process=48
2024/02/18 15:24:32.295 [I]=> process=48
2024/02/18 15:24:32.561 [I]=> process=48
2024/02/18 15:24:32.825 [I]=> process=48
2024/02/18 15:24:33.088 [I]=> process=48
2024/02/18 15:24:33.353 [I]=> process=49
2024/02/18 15:24:33.617 [I]=> process=49
2024/02/18 15:24:33.881 [I]=> process=49
2024/02/18 15:24:34.145 [I]=> process=49
2024/02/18 15:24:34.411 [I]=> process=50
2024/02/18 15:24:34.676 [I]=> process=50
2024/02/18 15:24:34.939 [I]=> process=50
2024/02/18 15:24:35.188 [I]=> process=50
2024/02/18 15:24:35.454 [I]=> process=50
2024/02/18 15:24:35.720 [I]=> process=51
2024/02/18 15:24:35.984 [I]=> process=51
2024/02/18 15:24:36.248 [I]=> process=51
2024/02/18 15:24:36.500 [I]=> process=51
2024/02/18 15:24:36.764 [I]=> process=51
2024/02/18 15:24:37.027 [I]=> process=52
2024/02/18 15:24:37.292 [I]=> process=52
2024/02/18 15:24:37.545 [I]=> process=52
2024/02/18 15:24:37.811 [I]=> process=52
2024/02/18 15:24:38.076 [I]=> process=52
2024/02/18 15:24:38.342 [I]=> process=53
2024/02/18 15:24:38.607 [I]=> process=53
2024/02/18 15:24:38.857 [I]=> process=53
2024/02/18 15:24:39.121 [I]=> process=53
2024/02/18 15:24:39.399 [I]=> process=53
2024/02/18 15:24:39.649 [I]=> process=54
2024/02/18 15:24:39.915 [I]=> process=54
2024/02/18 15:24:40.183 [I]=> process=54
2024/02/18 15:24:40.447 [I]=> process=54
2024/02/18 15:24:40.710 [I]=> process=55
2024/02/18 15:24:40.976 [I]=> process=55
2024/02/18 15:24:41.241 [I]=> process=55
2024/02/18 15:24:41.492 [I]=> process=55
2024/02/18 15:24:41.756 [I]=> process=55
2024/02/18 15:24:42.020 [I]=> process=56
2024/02/18 15:24:42.285 [I]=> process=56
2024/02/18 15:24:42.548 [I]=> process=56
2024/02/18 15:24:42.812 [I]=> process=56
2024/02/18 15:24:43.061 [I]=> process=56
2024/02/18 15:24:43.325 [I]=> process=57
2024/02/18 15:24:43.589 [I]=> process=57
2024/02/18 15:24:43.851 [I]=> process=57
2024/02/18 15:24:44.115 [I]=> process=57
2024/02/18 15:24:44.380 [I]=> process=57
2024/02/18 15:24:44.647 [I]=> process=58
2024/02/18 15:24:44.909 [I]=> process=58
2024/02/18 15:24:45.173 [I]=> process=58
2024/02/18 15:24:45.438 [I]=> process=58
2024/02/18 15:24:45.689 [I]=> process=58
2024/02/18 15:24:45.965 [I]=> process=59
2024/02/18 15:24:46.227 [I]=> process=59
2024/02/18 15:24:46.494 [I]=> process=59
2024/02/18 15:24:46.759 [I]=> process=59
2024/02/18 15:24:47.023 [I]=> process=60
2024/02/18 15:24:47.272 [I]=> process=60
2024/02/18 15:24:47.537 [I]=> process=60
2024/02/18 15:24:47.801 [I]=> process=60
2024/02/18 15:24:48.064 [I]=> process=60
2024/02/18 15:24:48.329 [I]=> process=61
2024/02/18 15:24:48.594 [I]=> process=61
2024/02/18 15:24:48.844 [I]=> process=61
2024/02/18 15:24:49.108 [I]=> process=61
2024/02/18 15:24:49.375 [I]=> process=61
2024/02/18 15:24:49.640 [I]=> process=62
2024/02/18 15:24:49.904 [I]=> process=62
2024/02/18 15:24:50.166 [I]=> process=62
2024/02/18 15:24:50.417 [I]=> process=62
2024/02/18 15:24:50.681 [I]=> process=62
2024/02/18 15:24:50.948 [I]=> process=63
2024/02/18 15:24:51.212 [I]=> process=63
2024/02/18 15:24:51.477 [I]=> process=63
2024/02/18 15:24:51.744 [I]=> process=63
2024/02/18 15:24:51.993 [I]=> process=63
2024/02/18 15:24:52.258 [I]=> process=64
2024/02/18 15:24:52.521 [I]=> process=64
2024/02/18 15:24:52.785 [I]=> process=64
2024/02/18 15:24:53.054 [I]=> process=64
2024/02/18 15:24:53.318 [I]=> process=65
2024/02/18 15:24:53.585 [I]=> process=65
2024/02/18 15:24:53.847 [I]=> process=65
2024/02/18 15:24:54.112 [I]=> process=65
2024/02/18 15:24:54.361 [I]=> process=65
2024/02/18 15:24:54.622 [I]=> process=66
2024/02/18 15:24:54.884 [I]=> process=66
2024/02/18 15:24:55.149 [I]=> process=66
2024/02/18 15:24:55.413 [I]=> process=66
2024/02/18 15:24:55.678 [I]=> process=66
2024/02/18 15:24:55.943 [I]=> process=67
2024/02/18 15:24:56.195 [I]=> process=67
2024/02/18 15:24:56.457 [I]=> process=67
2024/02/18 15:24:56.723 [I]=> process=67
2024/02/18 15:24:56.988 [I]=> process=67
2024/02/18 15:24:57.251 [I]=> process=68
2024/02/18 15:24:57.513 [I]=> process=68
2024/02/18 15:24:57.777 [I]=> process=68
2024/02/18 15:24:58.044 [I]=> process=68
2024/02/18 15:24:58.309 [I]=> process=68
2024/02/18 15:24:58.576 [I]=> process=69
2024/02/18 15:24:58.839 [I]=> process=69
2024/02/18 15:24:59.104 [I]=> process=69
2024/02/18 15:24:59.355 [I]=> process=69
2024/02/18 15:24:59.619 [I]=> process=70
2024/02/18 15:24:59.896 [I]=> process=70
2024/02/18 15:25:00.145 [I]=> process=70
2024/02/18 15:25:00.409 [I]=> process=70
2024/02/18 15:25:00.673 [I]=> process=70
2024/02/18 15:25:00.939 [I]=> process=71
2024/02/18 15:25:01.204 [I]=> process=71
2024/02/18 15:25:01.456 [I]=> process=71
2024/02/18 15:25:01.719 [I]=> process=71
2024/02/18 15:25:01.982 [I]=> process=71
2024/02/18 15:25:02.243 [I]=> process=72
2024/02/18 15:25:02.507 [I]=> process=72
2024/02/18 15:25:02.773 [I]=> process=72
2024/02/18 15:25:03.023 [I]=> process=72
2024/02/18 15:25:03.288 [I]=> process=72
2024/02/18 15:25:03.552 [I]=> process=73
2024/02/18 15:25:03.816 [I]=> process=73
2024/02/18 15:25:04.079 [I]=> process=73
2024/02/18 15:25:04.342 [I]=> process=73
2024/02/18 15:25:04.607 [I]=> process=73
2024/02/18 15:25:04.873 [I]=> process=74
2024/02/18 15:25:05.139 [I]=> process=74
2024/02/18 15:25:05.406 [I]=> process=74
2024/02/18 15:25:05.670 [I]=> process=74
2024/02/18 15:25:05.935 [I]=> process=75
2024/02/18 15:25:06.200 [I]=> process=75
2024/02/18 15:25:06.450 [I]=> process=75
2024/02/18 15:25:06.714 [I]=> process=75
2024/02/18 15:25:06.977 [I]=> process=75
2024/02/18 15:25:07.244 [I]=> process=76
2024/02/18 15:25:07.497 [I]=> process=76
2024/02/18 15:25:07.760 [I]=> process=76
2024/02/18 15:25:08.026 [I]=> process=76
2024/02/18 15:25:08.291 [I]=> process=76
2024/02/18 15:25:08.555 [I]=> process=77
2024/02/18 15:25:08.803 [I]=> process=77
2024/02/18 15:25:09.071 [I]=> process=77
2024/02/18 15:25:09.336 [I]=> process=77
2024/02/18 15:25:09.603 [I]=> process=77
2024/02/18 15:25:09.869 [I]=> process=78
2024/02/18 15:25:10.122 [I]=> process=78
2024/02/18 15:25:10.386 [I]=> process=78
2024/02/18 15:25:10.652 [I]=> process=78
2024/02/18 15:25:10.916 [I]=> process=78
2024/02/18 15:25:11.180 [I]=> process=79
2024/02/18 15:25:11.445 [I]=> process=79
2024/02/18 15:25:11.710 [I]=> process=79
2024/02/18 15:25:11.976 [I]=> process=79
2024/02/18 15:25:12.242 [I]=> process=80
2024/02/18 15:25:12.505 [I]=> process=80
2024/02/18 15:25:12.754 [I]=> process=80
2024/02/18 15:25:13.018 [I]=> process=80
2024/02/18 15:25:13.283 [I]=> process=80
2024/02/18 15:25:13.545 [I]=> process=81
2024/02/18 15:25:13.809 [I]=> process=81
2024/02/18 15:25:14.072 [I]=> process=81
2024/02/18 15:25:14.323 [I]=> process=81
2024/02/18 15:25:14.586 [I]=> process=81
2024/02/18 15:25:14.848 [I]=> process=82
2024/02/18 15:25:15.114 [I]=> process=82
2024/02/18 15:25:15.379 [I]=> process=82
2024/02/18 15:25:15.645 [I]=> process=82
2024/02/18 15:25:15.910 [I]=> process=82
2024/02/18 15:25:16.160 [I]=> process=83
2024/02/18 15:25:16.426 [I]=> process=83
2024/02/18 15:25:16.691 [I]=> process=83
2024/02/18 15:25:16.955 [I]=> process=83
2024/02/18 15:25:17.220 [I]=> process=83
2024/02/18 15:25:17.484 [I]=> process=84
2024/02/18 15:25:17.748 [I]=> process=84
2024/02/18 15:25:18.013 [I]=> process=84
2024/02/18 15:25:18.279 [I]=> process=84
2024/02/18 15:25:18.545 [I]=> process=85
2024/02/18 15:25:18.810 [I]=> process=85
2024/02/18 15:25:19.058 [I]=> process=85
2024/02/18 15:25:19.323 [I]=> process=85
2024/02/18 15:25:19.588 [I]=> process=85
2024/02/18 15:25:19.850 [I]=> process=86
2024/02/18 15:25:20.116 [I]=> process=86
2024/02/18 15:25:20.381 [I]=> process=86
2024/02/18 15:25:20.630 [I]=> process=86
2024/02/18 15:25:20.895 [I]=> process=86
2024/02/18 15:25:21.158 [I]=> process=87
2024/02/18 15:25:21.421 [I]=> process=87
2024/02/18 15:25:21.687 [I]=> process=87
2024/02/18 15:25:21.951 [I]=> process=87
2024/02/18 15:25:22.201 [I]=> process=87
2024/02/18 15:25:22.468 [I]=> process=88
2024/02/18 15:25:22.732 [I]=> process=88
2024/02/18 15:25:22.997 [I]=> process=88
2024/02/18 15:25:23.262 [I]=> process=88
2024/02/18 15:25:23.525 [I]=> process=88
2024/02/18 15:25:23.788 [I]=> process=89
2024/02/18 15:25:24.055 [I]=> process=89
2024/02/18 15:25:24.323 [I]=> process=89
2024/02/18 15:25:24.588 [I]=> process=89
2024/02/18 15:25:24.853 [I]=> process=90
2024/02/18 15:25:25.102 [I]=> process=90
2024/02/18 15:25:25.368 [I]=> process=90
2024/02/18 15:25:25.634 [I]=> process=90
2024/02/18 15:25:25.896 [I]=> process=90
2024/02/18 15:25:26.161 [I]=> process=91
2024/02/18 15:25:26.411 [I]=> process=91
2024/02/18 15:25:26.675 [I]=> process=91
2024/02/18 15:25:26.941 [I]=> process=91
2024/02/18 15:25:27.204 [I]=> process=91
2024/02/18 15:25:27.468 [I]=> process=92
2024/02/18 15:25:27.719 [I]=> process=92
2024/02/18 15:25:27.985 [I]=> process=92
2024/02/18 15:25:28.250 [I]=> process=92
2024/02/18 15:25:28.513 [I]=> process=92
2024/02/18 15:25:28.778 [I]=> process=93
2024/02/18 15:25:29.042 [I]=> process=93
2024/02/18 15:25:29.293 [I]=> process=93
2024/02/18 15:25:29.557 [I]=> process=93
2024/02/18 15:25:29.833 [I]=> process=93
2024/02/18 15:25:30.098 [I]=> process=94
2024/02/18 15:25:30.349 [I]=> process=94
2024/02/18 15:25:30.627 [I]=> process=94
2024/02/18 15:25:30.891 [I]=> process=94
2024/02/18 15:25:31.156 [I]=> process=95
2024/02/18 15:25:31.406 [I]=> process=95
2024/02/18 15:25:31.672 [I]=> process=95
2024/02/18 15:25:31.937 [I]=> process=95
2024/02/18 15:25:32.199 [I]=> process=95
2024/02/18 15:25:32.449 [I]=> process=96
2024/02/18 15:25:32.714 [I]=> process=96
2024/02/18 15:25:32.978 [I]=> process=96
2024/02/18 15:25:33.244 [I]=> process=96
2024/02/18 15:25:33.496 [I]=> process=96
2024/02/18 15:25:33.759 [I]=> process=97
2024/02/18 15:25:34.024 [I]=> process=97
2024/02/18 15:25:34.289 [I]=> process=97
2024/02/18 15:25:34.554 [I]=> process=97
2024/02/18 15:25:34.818 [I]=> process=97
2024/02/18 15:25:35.082 [I]=> process=98
2024/02/18 15:25:35.333 [I]=> process=98
2024/02/18 15:25:35.598 [I]=> process=98
2024/02/18 15:25:35.861 [I]=> process=98
2024/02/18 15:25:36.125 [I]=> process=98
2024/02/18 15:25:36.390 [I]=> process=99
2024/02/18 15:25:36.656 [I]=> process=99
2024/02/18 15:25:36.918 [I]=> process=99
2024/02/18 15:25:37.184 [I]=> process=99
2024/02/18 15:25:37.451 [I]=> process=100
2024/02/18 15:25:37.451 [I]=> thread exit, name=SensingGenerate, tid=23644(0x00005c5c)
2024/02/18 15:25:37.453 [I]=> prepare exit thread..., name=SensingGenerate, tid=23644(0x00005c5c)
2024/02/18 15:25:37.453 [I]=> thread exit over, name=SensingGenerate, tid=23644(0x00005c5c)
2024/02/18 15:28:45.911 [W]=> CRadarProtocolDevice::OpenCmdMode: CMDID(0x00FF) failed with:A002
2024/02/18 15:28:46.068 [I]=> protocol version = 3, send_recv buffer size = 128
2024/02/18 15:28:46.089 [I]=> RadarOperatorConfig_ReadTriggerThreshold, result: Success
2024/02/18 15:28:46.197 [I]=> RadarOperatorConfig_ReadHoldThreshold, result: Success
2024/02/18 15:28:49.646 [W]=> CRadarProtocolDevice::OpenCmdMode: CMDID(0x00FF) failed with:A002
2024/02/18 15:28:49.823 [I]=> protocol version = 3, send_recv buffer size = 128
2024/02/18 15:28:49.926 [I]=> RadarOperatorConfig_ReadDetectSetting, result: Success
2024/02/18 15:28:50.035 [I]=> RadarOperatorConfig_ReadTriggerThreshold, result: Success
2024/02/18 15:28:50.143 [I]=> RadarOperatorConfig_ReadHoldThreshold, result: Success
2024/02/18 16:12:36.374 [I]=> Cancel Read Data
2024/02/18 16:12:36.381 [I]=> Stop Realtime data show.
2024/02/18 16:12:36.382 [I]=> Cancel Read Data
2024/02/18 16:12:36.382 [I]=> CloseSerial: mSerialFile=0x0000093c
2024/02/18 16:12:36.383 [I]=> Cancel Read Data
2024/02/18 16:12:36.383 [I]=> CloseSerial: mSerialFile=0xffffffff
2024/02/18 16:12:36.383 [I]=> CloseSerial: mSerialFile=0xffffffff
